<?xml version="1.0" encoding="UTF-8"?>
<!-- Generated by org.testng.reporters.JUnitReportReporter -->
<testsuite hostname="DESKTOP-U6C0UKJ" failures="0" tests="3" name="test.Parameterization" time="0.007" errors="0" timestamp="2023-03-30T14:51:57 EDT" skipped="0">
  <testcase classname="test.Parameterization" name="mobileSigOutCarLoan" time="0.005"/>
  <system-out/>
  <testcase classname="test.Parameterization" name="mobileSigOutCarLoan" time="0.001"/>
  <system-out/>
  <testcase classname="test.Parameterization" name="mobileSigOutCarLoan" time="0.001"/>
  <system-out/>
</testsuite> <!-- test.Parameterization -->
